<?xml version="1.0" encoding="UTF-8" ?>
<testsuite errors="1" failures="0" hostname="ens-iutva-0312.univ-ubs.fr" name="TestBaseDeDonnee" skipped="0" tests="1" time="0.0" timestamp="2017-05-31T07:23:47">
  <properties>
[...]
</properties>
  <error message="TestBaseDeDonnee (wrong name: modele/test/TestBaseDeDonnee)" type="java.lang.NoClassDefFoundError">java.lang.NoClassDefFoundError: TestBaseDeDonnee (wrong name: modele/test/TestBaseDeDonnee)
	at java.lang.ClassLoader.defineClass1(Native Method)
	at java.lang.ClassLoader.defineClass(ClassLoader.java:763)
	at java.lang.ClassLoader.loadClass(ClassLoader.java:357)
	at java.lang.Class.forName0(Native Method)
	at java.lang.Class.forName(Class.java:348)
</error>
  <system-out><![CDATA[]]></system-out>
  <system-err><![CDATA[]]></system-err>
</testsuite>
